Arguments: 
  /opt/homebrew/Cellar/node/18.8.0/bin/node /opt/homebrew/bin/yarnpkg install

PATH: 
  /opt/homebrew/bin:/opt/homebrew/sbin:/usr/local/bin:/usr/bin:/bin:/usr/sbin:/sbin

Yarn version: 
  1.22.18

Node version: 
  18.8.0

Platform: 
  darwin arm64

Trace: 
  Error: https://registry.yarnpkg.com/extend-shallow/-/extend-shallow-2.0.1.tgz: Request failed "503 Service Unavailable"
      at ResponseError.ExtendableBuiltin (/opt/homebrew/lib/node_modules/yarn/lib/cli.js:696:66)
      at new ResponseError (/opt/homebrew/lib/node_modules/yarn/lib/cli.js:802:124)
      at Request.<anonymous> (/opt/homebrew/lib/node_modules/yarn/lib/cli.js:66208:16)
      at Request.emit (node:events:513:28)
      at module.exports.Request.onRequestResponse (/opt/homebrew/lib/node_modules/yarn/lib/cli.js:141760:10)
      at ClientRequest.emit (node:events:513:28)
      at HTTPParser.parserOnIncomingClient (node:_http_client:693:27)
      at HTTPParser.parserOnHeadersComplete (node:_http_common:117:17)
      at TLSSocket.socketOnData (node:_http_client:534:22)
      at TLSSocket.emit (node:events:513:28)

npm manifest: 
  {
    "name": "reactnativeproject",
    "version": "1.0.0",
    "main": "node_modules/expo/AppEntry.js",
    "scripts": {
      "start": "expo start",
      "android": "expo start --android",
      "ios": "expo start --ios",
      "web": "expo start --web"
    },
    "dependencies": {
      "expo": "~46.0.9",
      "expo-status-bar": "~1.4.0",
      "react": "18.0.0",
      "react-native": "0.69.5"
    },
    "devDependencies": {
      "@babel/core": "^7.12.9"
    },
    "private": true
  }

yarn manifest: 
  No manifest

Lockfile: 
  No lockfile
